{
  "timestamp": "2025-12-29T18:33:41.374983",
  "elapsed_time": 1.230449914932251,
  "filter": null,
  "passed": 54,
  "failed": 4,
  "errors": 1,
  "details": {
    "passed": [
      "test_performance::TestPerformance::test_checkpoint_performance",
      "test_performance::TestPerformance::test_file_operations_performance",
      "test_performance::TestPerformance::test_json_processing_performance",
      "test_performance::TestPerformance::test_overview_generation_performance",
      "test_performance::TestPerformance::test_parallel_vs_sequential_execution",
      "test_performance::TestPerformance::test_print_benchmark_summary",
      "test_performance::TestPerformance::test_scalability",
      "test_performance::TestPerformance::test_task_breakdown_performance",
      "test_performance::TestPerformance::test_task_creation_performance",
      "test_performance::TestPerformance::test_template_detection_performance",
      "test_performance::TestPerformance::test_validation_performance",
      "test_universal_project::TestUniversalProject::test_agent_system_e2e",
      "test_universal_project::TestUniversalProject::test_belief_tracking_e2e",
      "test_universal_project::TestUniversalProject::test_checkpoint_recovery",
      "test_universal_project::TestUniversalProject::test_complete_universal_workflow",
      "test_universal_project::TestUniversalProject::test_continuous_validation",
      "test_universal_project::TestUniversalProject::test_documentation_project_e2e",
      "test_universal_project::TestUniversalProject::test_environment_architect",
      "test_universal_project::TestUniversalProject::test_error_handling_e2e",
      "test_universal_project::TestUniversalProject::test_execution_guardian",
      "test_universal_project::TestUniversalProject::test_life_project_e2e",
      "test_universal_project::TestUniversalProject::test_post_execution_validation",
      "test_universal_project::TestUniversalProject::test_power_query_project_e2e",
      "test_universal_project::TestUniversalProject::test_pre_execution_validation",
      "test_universal_project::TestUniversalProject::test_research_project_e2e",
      "test_universal_project::TestUniversalProject::test_task_orchestrator",
      "test_universal_project::TestUniversalProject::test_validation_gates_e2e",
      "test_full_workflow::TestFullWorkflow::test_agent_workflow",
      "test_full_workflow::TestFullWorkflow::test_comprehensive_project_workflow",
      "test_full_workflow::TestFullWorkflow::test_gemini_integration_workflow",
      "test_full_workflow::TestFullWorkflow::test_parallel_execution_workflow",
      "test_full_workflow::TestFullWorkflow::test_pattern_library_workflow",
      "test_full_workflow::TestFullWorkflow::test_project_bootstrap_workflow",
      "test_full_workflow::TestFullWorkflow::test_validation_gates_workflow",
      "test_command_execution::TestCommandExecution::test_bootstrap_command_structure",
      "test_command_execution::TestCommandExecution::test_breakdown_command",
      "test_command_execution::TestCommandExecution::test_command_chaining",
      "test_command_execution::TestCommandExecution::test_command_validation_gates",
      "test_command_execution::TestCommandExecution::test_complete_task_command",
      "test_command_execution::TestCommandExecution::test_update_tasks_command",
      "test_command_execution::TestCommandExecution::test_validate_query_command",
      "test_task_management::TestTaskManagement::test_belief_tracking",
      "test_task_management::TestTaskManagement::test_momentum_tracking",
      "test_task_management::TestTaskManagement::test_task_auto_completion",
      "test_task_management::TestTaskManagement::test_task_breakdown",
      "test_task_management::TestTaskManagement::test_task_creation",
      "test_task_management::TestTaskManagement::test_task_dependencies",
      "test_task_management::TestTaskManagement::test_task_overview_generation",
      "test_task_management::TestTaskManagement::test_task_status_transitions",
      "test_template_validation::TestTemplateValidation::test_base_template_structure",
      "test_template_validation::TestTemplateValidation::test_component_integration",
      "test_template_validation::TestTemplateValidation::test_power_query_template_structure",
      "test_template_validation::TestTemplateValidation::test_template_detection",
      "test_template_validation::TestTemplateValidation::test_template_file_content_validation"
    ],
    "failed": [
      {
        "test": "test_universal_project::TestUniversalProject::test_multi_template_integration",
        "error": "",
        "traceback": "Traceback (most recent call last):\n  File \"/Users/erikemilsson/Library/Mobile Documents/com~apple~CloudDocs/02PROJECTS/1A_github_projects/claude_code_environment/test/run_tests.py\", line 91, in run_test_file\n    method()\n    ~~~~~~^^\n  File \"/Users/erikemilsson/Library/Mobile Documents/com~apple~CloudDocs/02PROJECTS/1A_github_projects/claude_code_environment/test/e2e/test_universal_project.py\", line 269, in test_multi_template_integration\n    assert Path(proj_name, \"CLAUDE.md\").exists()\n           ~~~~~~~~~~~~~~~~~~~~~~~~~~~~~~~~~~~^^\nAssertionError\n"
      },
      {
        "test": "test_full_workflow::TestFullWorkflow::test_checkpoint_recovery_workflow",
        "error": "",
        "traceback": "Traceback (most recent call last):\n  File \"/Users/erikemilsson/Library/Mobile Documents/com~apple~CloudDocs/02PROJECTS/1A_github_projects/claude_code_environment/test/run_tests.py\", line 91, in run_test_file\n    method()\n    ~~~~~~^^\n  File \"/Users/erikemilsson/Library/Mobile Documents/com~apple~CloudDocs/02PROJECTS/1A_github_projects/claude_code_environment/test/integration/test_full_workflow.py\", line 229, in test_checkpoint_recovery_workflow\n    assert data[\"value\"] == 1\n           ^^^^^^^^^^^^^^^^^^\nAssertionError\n"
      },
      {
        "test": "test_full_workflow::TestFullWorkflow::test_task_lifecycle_workflow",
        "error": "",
        "traceback": "Traceback (most recent call last):\n  File \"/Users/erikemilsson/Library/Mobile Documents/com~apple~CloudDocs/02PROJECTS/1A_github_projects/claude_code_environment/test/run_tests.py\", line 91, in run_test_file\n    method()\n    ~~~~~~^^\n  File \"/Users/erikemilsson/Library/Mobile Documents/com~apple~CloudDocs/02PROJECTS/1A_github_projects/claude_code_environment/test/integration/test_full_workflow.py\", line 71, in test_task_lifecycle_workflow\n    assert task[\"status\"] == \"Broken Down\"\n           ^^^^^^^^^^^^^^^^^^^^^^^^^^^^^^^\nAssertionError\n"
      },
      {
        "test": "test_command_execution::TestCommandExecution::test_sync_tasks_command",
        "error": "File .claude/tasks/task-overview.md does not contain 'Task 1'",
        "traceback": "Traceback (most recent call last):\n  File \"/Users/erikemilsson/Library/Mobile Documents/com~apple~CloudDocs/02PROJECTS/1A_github_projects/claude_code_environment/test/run_tests.py\", line 91, in run_test_file\n    method()\n    ~~~~~~^^\n  File \"/Users/erikemilsson/Library/Mobile Documents/com~apple~CloudDocs/02PROJECTS/1A_github_projects/claude_code_environment/test/unit/test_command_execution.py\", line 129, in test_sync_tasks_command\n    self.assert_file_contains(\".claude/tasks/task-overview.md\", \"Task 1\")\n    ~~~~~~~~~~~~~~~~~~~~~~~~~^^^^^^^^^^^^^^^^^^^^^^^^^^^^^^^^^^^^^^^^^^^^\n  File \"/Users/erikemilsson/Library/Mobile Documents/com~apple~CloudDocs/02PROJECTS/1A_github_projects/claude_code_environment/test/utils/test_base.py\", line 65, in assert_file_contains\n    assert content in actual, f\"File {path} does not contain '{content}'\"\n           ^^^^^^^^^^^^^^^^^\nAssertionError: File .claude/tasks/task-overview.md does not contain 'Task 1'\n"
      }
    ],
    "skipped": [],
    "errors": [
      {
        "test": "test_full_workflow::TestFullWorkflow::test_error_recovery_workflow",
        "error": "[Errno 2] No such file or directory: '/var/folders/v9/8bc7pbt1065_rr6rpcswcw_40000gn/T/claude_test_ga0yyo39/.claude/tasks/nonexistent.json'",
        "traceback": "Traceback (most recent call last):\n  File \"/Users/erikemilsson/Library/Mobile Documents/com~apple~CloudDocs/02PROJECTS/1A_github_projects/claude_code_environment/test/run_tests.py\", line 91, in run_test_file\n    method()\n    ~~~~~~^^\n  File \"/Users/erikemilsson/Library/Mobile Documents/com~apple~CloudDocs/02PROJECTS/1A_github_projects/claude_code_environment/test/integration/test_full_workflow.py\", line 247, in test_error_recovery_workflow\n    self.update_task_status(\"nonexistent\", \"Finished\")\n    ~~~~~~~~~~~~~~~~~~~~~~~^^^^^^^^^^^^^^^^^^^^^^^^^^^\n  File \"/Users/erikemilsson/Library/Mobile Documents/com~apple~CloudDocs/02PROJECTS/1A_github_projects/claude_code_environment/test/integration/test_full_workflow.py\", line 447, in update_task_status\n    task = self.get_task(task_id)\n  File \"/Users/erikemilsson/Library/Mobile Documents/com~apple~CloudDocs/02PROJECTS/1A_github_projects/claude_code_environment/test/integration/test_full_workflow.py\", line 443, in get_task\n    return self.read_json(f\".claude/tasks/{task_id}.json\")\n           ~~~~~~~~~~~~~~^^^^^^^^^^^^^^^^^^^^^^^^^^^^^^^^^\n  File \"/Users/erikemilsson/Library/Mobile Documents/com~apple~CloudDocs/02PROJECTS/1A_github_projects/claude_code_environment/test/utils/test_base.py\", line 54, in read_json\n    with open(file_path) as f:\n         ~~~~^^^^^^^^^^^\nFileNotFoundError: [Errno 2] No such file or directory: '/var/folders/v9/8bc7pbt1065_rr6rpcswcw_40000gn/T/claude_test_ga0yyo39/.claude/tasks/nonexistent.json'\n"
      }
    ]
  }
}